android/app/build/intermediates/manifest_merge_blame_file/debug/manifest-merger-blame-debug-report.txt
1<?xml version="1.0" encoding="utf-8"?>
2<manifest xmlns:android="http://schemas.android.com/apk/res/android"
3    package="com.demoapplication"
4    android:versionCode="1"
5    android:versionName="1.0" >
6
7    <uses-sdk
8        android:minSdkVersion="21"
9        android:targetSdkVersion="33" />
10
11    <uses-permission android:name="android.permission.SYSTEM_ALERT_WINDOW" />
11-->src/debug/AndroidManifest.xml:5:5-77
11-->src/debug/AndroidManifest.xml:5:22-75
12    <uses-permission android:name="android.permission.INTERNET" />
12-->src/main/AndroidManifest.xml:3:3-65
12-->src/main/AndroidManifest.xml:3:20-62
13    <uses-permission android:name="android.permission.ACCEPT_HANDOVER" />
13-->src/main/AndroidManifest.xml:4:3-72
13-->src/main/AndroidManifest.xml:4:20-69
14    <uses-permission android:name="android.permission.ACCESS_BACKGROUND_LOCATION" />
14-->src/main/AndroidManifest.xml:5:3-83
14-->src/main/AndroidManifest.xml:5:20-80
15    <uses-permission android:name="android.permission.ACCESS_COARSE_LOCATION" />
15-->src/main/AndroidManifest.xml:6:3-79
15-->src/main/AndroidManifest.xml:6:20-76
16    <uses-permission android:name="android.permission.ACCESS_FINE_LOCATION" />
16-->src/main/AndroidManifest.xml:7:3-77
16-->src/main/AndroidManifest.xml:7:20-74
17    <uses-permission android:name="android.permission.ACCESS_MEDIA_LOCATION" />
17-->src/main/AndroidManifest.xml:8:3-78
17-->src/main/AndroidManifest.xml:8:20-75
18    <uses-permission android:name="android.permission.ACTIVITY_RECOGNITION" />
18-->src/main/AndroidManifest.xml:9:3-77
18-->src/main/AndroidManifest.xml:9:20-74
19    <uses-permission android:name="com.android.voicemail.permission.ADD_VOICEMAIL" />
19-->src/main/AndroidManifest.xml:10:3-84
19-->src/main/AndroidManifest.xml:10:20-81
20    <uses-permission android:name="android.permission.ANSWER_PHONE_CALLS" />
20-->src/main/AndroidManifest.xml:11:3-75
20-->src/main/AndroidManifest.xml:11:20-72
21    <uses-permission android:name="android.permission.BLUETOOTH_ADVERTISE" />
21-->src/main/AndroidManifest.xml:12:3-76
21-->src/main/AndroidManifest.xml:12:20-73
22    <uses-permission android:name="android.permission.BLUETOOTH_CONNECT" />
22-->src/main/AndroidManifest.xml:13:3-74
22-->src/main/AndroidManifest.xml:13:20-71
23    <uses-permission android:name="android.permission.BLUETOOTH_SCAN" />
23-->src/main/AndroidManifest.xml:14:3-71
23-->src/main/AndroidManifest.xml:14:20-68
24    <uses-permission android:name="android.permission.BODY_SENSORS" />
24-->src/main/AndroidManifest.xml:15:3-69
24-->src/main/AndroidManifest.xml:15:20-66
25    <uses-permission android:name="android.permission.BODY_SENSORS_BACKGROUND" />
25-->src/main/AndroidManifest.xml:16:3-80
25-->src/main/AndroidManifest.xml:16:20-77
26    <uses-permission android:name="android.permission.CALL_PHONE" />
26-->src/main/AndroidManifest.xml:17:3-67
26-->src/main/AndroidManifest.xml:17:20-64
27    <uses-permission android:name="android.permission.CAMERA" />
27-->src/main/AndroidManifest.xml:18:3-63
27-->src/main/AndroidManifest.xml:18:20-60
28    <uses-permission android:name="android.permission.GET_ACCOUNTS" />
28-->src/main/AndroidManifest.xml:19:3-69
28-->src/main/AndroidManifest.xml:19:20-66
29    <uses-permission android:name="android.permission.NEARBY_WIFI_DEVICES" />
29-->src/main/AndroidManifest.xml:20:3-76
29-->src/main/AndroidManifest.xml:20:20-73
30    <uses-permission android:name="android.permission.POST_NOTIFICATIONS" />
30-->src/main/AndroidManifest.xml:21:3-75
30-->src/main/AndroidManifest.xml:21:20-72
31    <uses-permission android:name="android.permission.PROCESS_OUTGOING_CALLS" />
31-->src/main/AndroidManifest.xml:22:3-79
31-->src/main/AndroidManifest.xml:22:20-76
32    <uses-permission android:name="android.permission.READ_CALENDAR" />
32-->src/main/AndroidManifest.xml:23:3-70
32-->src/main/AndroidManifest.xml:23:20-67
33    <uses-permission android:name="android.permission.READ_CALL_LOG" />
33-->src/main/AndroidManifest.xml:24:3-70
33-->src/main/AndroidManifest.xml:24:20-67
34    <uses-permission android:name="android.permission.READ_CONTACTS" />
34-->src/main/AndroidManifest.xml:25:3-70
34-->src/main/AndroidManifest.xml:25:20-67
35    <uses-permission android:name="android.permission.READ_EXTERNAL_STORAGE" />
35-->src/main/AndroidManifest.xml:26:3-78
35-->src/main/AndroidManifest.xml:26:20-75
36    <uses-permission android:name="android.permission.READ_MEDIA_AUDIO" />
36-->src/main/AndroidManifest.xml:27:3-73
36-->src/main/AndroidManifest.xml:27:20-70
37    <uses-permission android:name="android.permission.READ_MEDIA_IMAGES" />
37-->src/main/AndroidManifest.xml:28:3-74
37-->src/main/AndroidManifest.xml:28:20-71
38    <uses-permission android:name="android.permission.READ_MEDIA_VIDEO" />
38-->src/main/AndroidManifest.xml:29:3-73
38-->src/main/AndroidManifest.xml:29:20-70
39    <uses-permission android:name="android.permission.READ_PHONE_NUMBERS" />
39-->src/main/AndroidManifest.xml:30:3-75
39-->src/main/AndroidManifest.xml:30:20-72
40    <uses-permission android:name="android.permission.READ_PHONE_STATE" />
40-->src/main/AndroidManifest.xml:31:3-73
40-->src/main/AndroidManifest.xml:31:20-70
41    <uses-permission android:name="android.permission.READ_SMS" />
41-->src/main/AndroidManifest.xml:32:3-65
41-->src/main/AndroidManifest.xml:32:20-62
42    <uses-permission android:name="android.permission.RECEIVE_MMS" />
42-->src/main/AndroidManifest.xml:33:3-68
42-->src/main/AndroidManifest.xml:33:20-65
43    <uses-permission android:name="android.permission.RECEIVE_SMS" />
43-->src/main/AndroidManifest.xml:34:3-68
43-->src/main/AndroidManifest.xml:34:20-65
44    <uses-permission android:name="android.permission.RECEIVE_WAP_PUSH" />
44-->src/main/AndroidManifest.xml:35:3-73
44-->src/main/AndroidManifest.xml:35:20-70
45    <uses-permission android:name="android.permission.RECORD_AUDIO" />
45-->src/main/AndroidManifest.xml:36:3-69
45-->src/main/AndroidManifest.xml:36:20-66
46    <uses-permission android:name="android.permission.SEND_SMS" />
46-->src/main/AndroidManifest.xml:37:3-65
46-->src/main/AndroidManifest.xml:37:20-62
47    <uses-permission android:name="android.permission.USE_SIP" />
47-->src/main/AndroidManifest.xml:38:3-64
47-->src/main/AndroidManifest.xml:38:20-61
48    <uses-permission android:name="android.permission.UWB_RANGING" />
48-->src/main/AndroidManifest.xml:39:3-68
48-->src/main/AndroidManifest.xml:39:20-65
49    <uses-permission android:name="android.permission.WRITE_CALENDAR" />
49-->src/main/AndroidManifest.xml:40:3-71
49-->src/main/AndroidManifest.xml:40:20-68
50    <uses-permission android:name="android.permission.WRITE_CALL_LOG" />
50-->src/main/AndroidManifest.xml:41:3-71
50-->src/main/AndroidManifest.xml:41:20-68
51    <uses-permission android:name="android.permission.WRITE_CONTACTS" />
51-->src/main/AndroidManifest.xml:42:3-71
51-->src/main/AndroidManifest.xml:42:20-68
52    <uses-permission android:name="android.permission.WRITE_EXTERNAL_STORAGE" />
52-->src/main/AndroidManifest.xml:43:3-79
52-->src/main/AndroidManifest.xml:43:20-76
53    <uses-permission android:name="android.permission.VIBRATE" />
53-->src/main/AndroidManifest.xml:44:3-63
53-->src/main/AndroidManifest.xml:44:20-61
54    <uses-permission android:name="android.permission.ACCESS_WIFI_STATE" />
54-->[com.facebook.flipper:flipper:0.125.0] AndroidManifest.xml:16:5-76
54-->[com.facebook.flipper:flipper:0.125.0] AndroidManifest.xml:16:22-73
55
56    <uses-feature
56-->[:react-native-camera] AndroidManifest.xml:11:5-13:36
57        android:name="android.hardware.camera"
57-->[:react-native-camera] AndroidManifest.xml:12:9-47
58        android:required="false" />
58-->[:react-native-camera] AndroidManifest.xml:13:9-33
59    <uses-feature
59-->[:react-native-camera] AndroidManifest.xml:14:5-16:36
60        android:name="android.hardware.camera.autofocus"
60-->[:react-native-camera] AndroidManifest.xml:15:9-57
61        android:required="false" />
61-->[:react-native-camera] AndroidManifest.xml:16:9-33
62
63    <uses-permission android:name="android.permission.WAKE_LOCK" />
63-->[:react-native-firebase_messaging] AndroidManifest.xml:10:5-68
63-->[:react-native-firebase_messaging] AndroidManifest.xml:10:22-65
64    <uses-permission android:name="android.permission.ACCESS_NETWORK_STATE" /> <!-- Required to to download files without a notification -->
64-->[:react-native-firebase_messaging] AndroidManifest.xml:11:5-79
64-->[:react-native-firebase_messaging] AndroidManifest.xml:11:22-76
65    <uses-permission android:name="android.permission.DOWNLOAD_WITHOUT_NOTIFICATION" />
65-->[:react-native-blob-util] AndroidManifest.xml:34:5-88
65-->[:react-native-blob-util] AndroidManifest.xml:34:22-85
66
67    <queries>
67-->[:react-native-image-crop-picker] AndroidManifest.xml:9:5-13:15
68        <intent>
68-->[:react-native-image-crop-picker] AndroidManifest.xml:10:9-12:18
69            <action android:name="android.media.action.IMAGE_CAPTURE" />
69-->[:react-native-image-crop-picker] AndroidManifest.xml:11:13-73
69-->[:react-native-image-crop-picker] AndroidManifest.xml:11:21-70
70        </intent>
71
72        <package android:name="androidx.test.orchestrator" />
72-->[androidx.test:runner:1.4.0] AndroidManifest.xml:25:9-62
72-->[androidx.test:runner:1.4.0] AndroidManifest.xml:25:18-59
73        <package android:name="androidx.test.services" />
73-->[androidx.test:runner:1.4.0] AndroidManifest.xml:26:9-58
73-->[androidx.test:runner:1.4.0] AndroidManifest.xml:26:18-55
74        <package android:name="com.google.android.apps.common.testing.services" /> <!-- Needs to be explicitly declared on Android R+ -->
74-->[androidx.test:runner:1.4.0] AndroidManifest.xml:27:9-83
74-->[androidx.test:runner:1.4.0] AndroidManifest.xml:27:18-80
75        <package android:name="com.google.android.apps.maps" />
75-->[com.google.android.gms:play-services-maps:18.0.2] AndroidManifest.xml:33:9-64
75-->[com.google.android.gms:play-services-maps:18.0.2] AndroidManifest.xml:33:18-61
76    </queries>
77
78    <uses-permission android:name="android.permission.FOREGROUND_SERVICE" /> <!-- Required to access Google Play Licensing -->
78-->[:react-native-track-player] AndroidManifest.xml:10:5-77
78-->[:react-native-track-player] AndroidManifest.xml:10:22-74
79    <uses-permission android:name="com.android.vending.CHECK_LICENSE" />
79-->[:rn-fetch-blob] AndroidManifest.xml:10:5-73
79-->[:rn-fetch-blob] AndroidManifest.xml:10:22-70
80    <uses-permission android:name="android.permission.RECEIVE_BOOT_COMPLETED" />
80-->[androidx.work:work-runtime:2.7.1] AndroidManifest.xml:27:5-81
80-->[androidx.work:work-runtime:2.7.1] AndroidManifest.xml:27:22-78
81
82    <uses-feature
82-->[com.google.android.gms:play-services-maps:18.0.2] AndroidManifest.xml:26:5-28:35
83        android:glEsVersion="0x00020000"
83-->[com.google.android.gms:play-services-maps:18.0.2] AndroidManifest.xml:27:9-41
84        android:required="true" /> <!-- Required by older versions of Google Play services to create IID tokens -->
84-->[com.google.android.gms:play-services-maps:18.0.2] AndroidManifest.xml:28:9-32
85    <uses-permission android:name="com.google.android.c2dm.permission.RECEIVE" />
85-->[com.google.firebase:firebase-messaging:23.1.2] AndroidManifest.xml:28:5-82
85-->[com.google.firebase:firebase-messaging:23.1.2] AndroidManifest.xml:28:22-79
86
87    <permission
87-->[androidx.core:core:1.9.0] AndroidManifest.xml:22:5-24:47
88        android:name="com.demoapplication.DYNAMIC_RECEIVER_NOT_EXPORTED_PERMISSION"
88-->[androidx.core:core:1.9.0] AndroidManifest.xml:23:9-81
89        android:protectionLevel="signature" />
89-->[androidx.core:core:1.9.0] AndroidManifest.xml:24:9-44
90
91    <uses-permission android:name="com.demoapplication.DYNAMIC_RECEIVER_NOT_EXPORTED_PERMISSION" />
91-->[androidx.core:core:1.9.0] AndroidManifest.xml:26:5-97
91-->[androidx.core:core:1.9.0] AndroidManifest.xml:26:22-94
92
93    <application
93-->src/main/AndroidManifest.xml:52:5-76:19
94        android:name="com.demoapplication.MainApplication"
94-->src/main/AndroidManifest.xml:53:7-38
95        android:allowBackup="false"
95-->src/main/AndroidManifest.xml:57:7-34
96        android:appComponentFactory="androidx.core.app.CoreComponentFactory"
96-->[androidx.core:core:1.9.0] AndroidManifest.xml:28:18-86
97        android:debuggable="true"
98        android:icon="@mipmap/ic_launcher"
98-->src/main/AndroidManifest.xml:55:7-41
99        android:label="@string/app_name"
99-->src/main/AndroidManifest.xml:54:7-39
100        android:roundIcon="@mipmap/ic_launcher_round"
100-->src/main/AndroidManifest.xml:56:7-52
101        android:supportsRtl="true"
101-->src/main/AndroidManifest.xml:59:7-33
102        android:testOnly="true"
103        android:theme="@style/AppTheme"
103-->src/main/AndroidManifest.xml:58:7-38
104        android:usesCleartextTraffic="true" >
104-->src/debug/AndroidManifest.xml:8:9-44
105        <activity
105-->src/debug/AndroidManifest.xml:11:9-111
106            android:name="com.facebook.react.devsupport.DevSettingsActivity"
106-->src/debug/AndroidManifest.xml:11:19-83
107            android:exported="false" />
107-->src/debug/AndroidManifest.xml:11:84-108
108        <activity
108-->src/main/AndroidManifest.xml:60:7-72:18
109            android:name="com.demoapplication.MainActivity"
109-->src/main/AndroidManifest.xml:61:9-37
110            android:configChanges="keyboard|keyboardHidden|orientation|screenLayout|screenSize|smallestScreenSize|uiMode"
110-->src/main/AndroidManifest.xml:63:9-118
111            android:exported="true"
111-->src/main/AndroidManifest.xml:66:9-32
112            android:label="@string/app_name"
112-->src/main/AndroidManifest.xml:62:9-41
113            android:launchMode="singleTask"
113-->src/main/AndroidManifest.xml:64:9-40
114            android:windowSoftInputMode="adjustResize" >
114-->src/main/AndroidManifest.xml:65:9-51
115            <intent-filter>
115-->src/main/AndroidManifest.xml:67:9-71:25
116                <action android:name="android.intent.action.MAIN" />
116-->src/main/AndroidManifest.xml:68:13-65
116-->src/main/AndroidManifest.xml:68:21-62
117
118                <category android:name="android.intent.category.LAUNCHER" />
118-->src/main/AndroidManifest.xml:69:13-73
118-->src/main/AndroidManifest.xml:69:23-70
119
120                <action android:name="android.intent.action.DOWNLOAD_COMPLETE" />
120-->src/main/AndroidManifest.xml:70:13-77
120-->src/main/AndroidManifest.xml:70:21-75
121            </intent-filter>
122        </activity>
123
124        <meta-data
124-->src/main/AndroidManifest.xml:73:7-75:63
125            android:name="com.google.android.geo.API_KEY"
125-->src/main/AndroidManifest.xml:74:6-51
126            android:value="AIzaSyBVkJDc7qZ0BgHY_wcPUTTvKE1iOW_il5o" />
126-->src/main/AndroidManifest.xml:75:6-61
127
128        <service
128-->[:react-native-firebase_messaging] AndroidManifest.xml:14:9-16:40
129            android:name="io.invertase.firebase.messaging.ReactNativeFirebaseMessagingHeadlessService"
129-->[:react-native-firebase_messaging] AndroidManifest.xml:15:13-103
130            android:exported="false" />
130-->[:react-native-firebase_messaging] AndroidManifest.xml:16:13-37
131        <service
131-->[:react-native-firebase_messaging] AndroidManifest.xml:17:9-23:19
132            android:name="io.invertase.firebase.messaging.ReactNativeFirebaseMessagingService"
132-->[:react-native-firebase_messaging] AndroidManifest.xml:18:13-95
133            android:exported="false" >
133-->[:react-native-firebase_messaging] AndroidManifest.xml:19:13-37
134            <intent-filter>
134-->[:react-native-firebase_messaging] AndroidManifest.xml:20:13-22:29
135                <action android:name="com.google.firebase.MESSAGING_EVENT" />
135-->[:react-native-firebase_messaging] AndroidManifest.xml:21:17-78
135-->[:react-native-firebase_messaging] AndroidManifest.xml:21:25-75
136            </intent-filter>
137        </service>
138
139        <receiver
139-->[:react-native-firebase_messaging] AndroidManifest.xml:25:9-32:20
140            android:name="io.invertase.firebase.messaging.ReactNativeFirebaseMessagingReceiver"
140-->[:react-native-firebase_messaging] AndroidManifest.xml:26:13-96
141            android:exported="true"
141-->[:react-native-firebase_messaging] AndroidManifest.xml:27:13-36
142            android:permission="com.google.android.c2dm.permission.SEND" >
142-->[:react-native-firebase_messaging] AndroidManifest.xml:28:13-73
143            <intent-filter>
143-->[:react-native-firebase_messaging] AndroidManifest.xml:29:13-31:29
144                <action android:name="com.google.android.c2dm.intent.RECEIVE" />
144-->[:react-native-firebase_messaging] AndroidManifest.xml:30:17-81
144-->[:react-native-firebase_messaging] AndroidManifest.xml:30:25-78
145            </intent-filter>
146        </receiver>
147
148        <meta-data
148-->[:react-native-firebase_messaging] AndroidManifest.xml:34:9-36:36
149            android:name="firebase_messaging_auto_init_enabled"
149-->[:react-native-firebase_messaging] AndroidManifest.xml:35:13-64
150            android:value="true" />
150-->[:react-native-firebase_messaging] AndroidManifest.xml:36:13-33
151        <meta-data
151-->[:react-native-firebase_messaging] AndroidManifest.xml:37:9-39:32
152            android:name="com.google.firebase.messaging.default_notification_channel_id"
152-->[:react-native-firebase_messaging] AndroidManifest.xml:38:13-89
153            android:value="" />
153-->[:react-native-firebase_messaging] AndroidManifest.xml:39:13-29
154        <meta-data
154-->[:react-native-firebase_messaging] AndroidManifest.xml:40:9-42:47
155            android:name="com.google.firebase.messaging.default_notification_color"
155-->[:react-native-firebase_messaging] AndroidManifest.xml:41:13-84
156            android:resource="@color/white" />
156-->[:react-native-firebase_messaging] AndroidManifest.xml:42:13-44
157        <meta-data
157-->[:react-native-firebase_app] AndroidManifest.xml:11:9-13:36
158            android:name="app_data_collection_default_enabled"
158-->[:react-native-firebase_app] AndroidManifest.xml:12:13-63
159            android:value="true" />
159-->[:react-native-firebase_app] AndroidManifest.xml:13:13-33
160
161        <service
161-->[:react-native-firebase_app] AndroidManifest.xml:15:9-23:19
162            android:name="com.google.firebase.components.ComponentDiscoveryService"
162-->[:react-native-firebase_app] AndroidManifest.xml:16:13-84
163            android:directBootAware="true"
163-->[:react-native-firebase_app] AndroidManifest.xml:17:13-43
164            android:exported="false" >
164-->[:react-native-firebase_app] AndroidManifest.xml:18:13-37
165            <meta-data
165-->[:react-native-firebase_app] AndroidManifest.xml:20:13-22:85
166                android:name="com.google.firebase.components:io.invertase.firebase.app.ReactNativeFirebaseAppRegistrar"
166-->[:react-native-firebase_app] AndroidManifest.xml:21:17-120
167                android:value="com.google.firebase.components.ComponentRegistrar" />
167-->[:react-native-firebase_app] AndroidManifest.xml:22:17-82
168            <meta-data
168-->[com.google.firebase:firebase-messaging:23.1.2] AndroidManifest.xml:55:13-57:85
169                android:name="com.google.firebase.components:com.google.firebase.messaging.FirebaseMessagingRegistrar"
169-->[com.google.firebase:firebase-messaging:23.1.2] AndroidManifest.xml:56:17-119
170                android:value="com.google.firebase.components.ComponentRegistrar" />
170-->[com.google.firebase:firebase-messaging:23.1.2] AndroidManifest.xml:57:17-82
171            <meta-data
171-->[com.google.firebase:firebase-datatransport:18.1.7] AndroidManifest.xml:27:13-29:85
172                android:name="com.google.firebase.components:com.google.firebase.datatransport.TransportRegistrar"
172-->[com.google.firebase:firebase-datatransport:18.1.7] AndroidManifest.xml:28:17-115
173                android:value="com.google.firebase.components.ComponentRegistrar" />
173-->[com.google.firebase:firebase-datatransport:18.1.7] AndroidManifest.xml:29:17-82
174            <meta-data
174-->[com.google.firebase:firebase-installations:17.1.3] AndroidManifest.xml:17:13-19:85
175                android:name="com.google.firebase.components:com.google.firebase.installations.FirebaseInstallationsRegistrar"
175-->[com.google.firebase:firebase-installations:17.1.3] AndroidManifest.xml:18:17-127
176                android:value="com.google.firebase.components.ComponentRegistrar" />
176-->[com.google.firebase:firebase-installations:17.1.3] AndroidManifest.xml:19:17-82
177        </service>
178
179        <provider
179-->[:react-native-firebase_app] AndroidManifest.xml:25:9-29:38
180            android:name="io.invertase.firebase.app.ReactNativeFirebaseAppInitProvider"
180-->[:react-native-firebase_app] AndroidManifest.xml:26:13-88
181            android:authorities="com.demoapplication.reactnativefirebaseappinitprovider"
181-->[:react-native-firebase_app] AndroidManifest.xml:27:13-86
182            android:exported="false"
182-->[:react-native-firebase_app] AndroidManifest.xml:28:13-37
183            android:initOrder="99" />
183-->[:react-native-firebase_app] AndroidManifest.xml:29:13-35
184        <provider
184-->[:react-native-blob-util] AndroidManifest.xml:37:9-45:20
185            android:name="com.ReactNativeBlobUtil.Utils.FileProvider"
185-->[:react-native-blob-util] AndroidManifest.xml:38:13-70
186            android:authorities="com.demoapplication.provider"
186-->[:react-native-blob-util] AndroidManifest.xml:39:13-60
187            android:exported="false"
187-->[:react-native-blob-util] AndroidManifest.xml:40:13-37
188            android:grantUriPermissions="true" >
188-->[:react-native-blob-util] AndroidManifest.xml:41:13-47
189            <meta-data
189-->[:react-native-blob-util] AndroidManifest.xml:42:13-44:58
190                android:name="android.support.FILE_PROVIDER_PATHS"
190-->[:react-native-blob-util] AndroidManifest.xml:43:17-67
191                android:resource="@xml/provider_paths" />
191-->[:react-native-blob-util] AndroidManifest.xml:44:17-55
192        </provider>
193        <provider
193-->[:react-native-image-crop-picker] AndroidManifest.xml:18:9-26:20
194            android:name="com.reactnative.ivpusic.imagepicker.IvpusicImagePickerFileProvider"
194-->[:react-native-image-crop-picker] AndroidManifest.xml:19:13-94
195            android:authorities="com.demoapplication.provider"
195-->[:react-native-image-crop-picker] AndroidManifest.xml:20:13-60
196            android:exported="false"
196-->[:react-native-image-crop-picker] AndroidManifest.xml:21:13-37
197            android:grantUriPermissions="true" >
197-->[:react-native-image-crop-picker] AndroidManifest.xml:22:13-47
198            <meta-data
198-->[:react-native-blob-util] AndroidManifest.xml:42:13-44:58
199                android:name="android.support.FILE_PROVIDER_PATHS"
199-->[:react-native-blob-util] AndroidManifest.xml:43:17-67
200                android:resource="@xml/ivpusic_imagepicker_provider_paths" />
200-->[:react-native-blob-util] AndroidManifest.xml:44:17-55
201        </provider>
202
203        <activity
203-->[:react-native-image-crop-picker] AndroidManifest.xml:28:9-30:72
204            android:name="com.yalantis.ucrop.UCropActivity"
204-->[:react-native-image-crop-picker] AndroidManifest.xml:29:13-60
205            android:theme="@style/Theme.AppCompat.Light.NoActionBar" />
205-->[:react-native-image-crop-picker] AndroidManifest.xml:30:13-69
206
207        <provider
207-->[:react-native-image-picker] AndroidManifest.xml:10:9-18:20
208            android:name="com.imagepicker.ImagePickerProvider"
208-->[:react-native-image-picker] AndroidManifest.xml:11:13-63
209            android:authorities="com.demoapplication.imagepickerprovider"
209-->[:react-native-image-picker] AndroidManifest.xml:12:13-71
210            android:exported="false"
210-->[:react-native-image-picker] AndroidManifest.xml:13:13-37
211            android:grantUriPermissions="true" >
211-->[:react-native-image-picker] AndroidManifest.xml:14:13-47
212            <meta-data
212-->[:react-native-blob-util] AndroidManifest.xml:42:13-44:58
213                android:name="android.support.FILE_PROVIDER_PATHS"
213-->[:react-native-blob-util] AndroidManifest.xml:43:17-67
214                android:resource="@xml/imagepicker_provider_paths" />
214-->[:react-native-blob-util] AndroidManifest.xml:44:17-55
215        </provider>
216        <provider
216-->[:react-native-share] AndroidManifest.xml:10:9-18:20
217            android:name="cl.json.RNShareFileProvider"
217-->[:react-native-share] AndroidManifest.xml:11:13-55
218            android:authorities="com.demoapplication.rnshare.fileprovider"
218-->[:react-native-share] AndroidManifest.xml:12:13-72
219            android:exported="false"
219-->[:react-native-share] AndroidManifest.xml:13:13-37
220            android:grantUriPermissions="true" >
220-->[:react-native-share] AndroidManifest.xml:14:13-47
221            <meta-data
221-->[:react-native-blob-util] AndroidManifest.xml:42:13-44:58
222                android:name="android.support.FILE_PROVIDER_PATHS"
222-->[:react-native-blob-util] AndroidManifest.xml:43:17-67
223                android:resource="@xml/share_download_paths" />
223-->[:react-native-blob-util] AndroidManifest.xml:44:17-55
224        </provider> <!-- The main service, handles playback, playlists and media buttons -->
225        <service
225-->[:react-native-track-player] AndroidManifest.xml:15:9-22:19
226            android:name="com.doublesymmetry.trackplayer.service.MusicService"
226-->[:react-native-track-player] AndroidManifest.xml:16:13-79
227            android:enabled="true"
227-->[:react-native-track-player] AndroidManifest.xml:17:13-35
228            android:exported="false" >
228-->[:react-native-track-player] AndroidManifest.xml:18:13-37
229            <intent-filter>
229-->[:react-native-track-player] AndroidManifest.xml:19:13-21:29
230                <action android:name="android.intent.action.MEDIA_BUTTON" />
230-->[:react-native-track-player] AndroidManifest.xml:20:17-77
230-->[:react-native-track-player] AndroidManifest.xml:20:25-74
231            </intent-filter>
232        </service> <!-- A receiver that will receive media buttons. Required on pre-lollipop devices -->
233        <receiver
233-->[:react-native-track-player] AndroidManifest.xml:25:9-31:20
234            android:name="androidx.media.session.MediaButtonReceiver"
234-->[:react-native-track-player] AndroidManifest.xml:26:13-70
235            android:exported="true" >
235-->[:react-native-track-player] AndroidManifest.xml:27:13-36
236            <intent-filter>
236-->[:react-native-track-player] AndroidManifest.xml:19:13-21:29
237                <action android:name="android.intent.action.MEDIA_BUTTON" />
237-->[:react-native-track-player] AndroidManifest.xml:20:17-77
237-->[:react-native-track-player] AndroidManifest.xml:20:25-74
238            </intent-filter>
239        </receiver>
240
241        <provider
241-->[:rn-fetch-blob] AndroidManifest.xml:34:9-42:20
242            android:name="com.RNFetchBlob.Utils.FileProvider"
242-->[:rn-fetch-blob] AndroidManifest.xml:35:13-62
243            android:authorities="com.demoapplication.provider"
243-->[:rn-fetch-blob] AndroidManifest.xml:36:13-60
244            android:exported="false"
244-->[:rn-fetch-blob] AndroidManifest.xml:37:13-37
245            android:grantUriPermissions="true" >
245-->[:rn-fetch-blob] AndroidManifest.xml:38:13-47
246            <meta-data
246-->[:react-native-blob-util] AndroidManifest.xml:42:13-44:58
247                android:name="android.support.FILE_PROVIDER_PATHS"
247-->[:react-native-blob-util] AndroidManifest.xml:43:17-67
248                android:resource="@xml/provider_paths" />
248-->[:react-native-blob-util] AndroidManifest.xml:44:17-55
249        </provider>
250        <provider
250-->[androidx.work:work-runtime:2.7.1] AndroidManifest.xml:31:9-39:20
251            android:name="androidx.startup.InitializationProvider"
251-->[androidx.work:work-runtime:2.7.1] AndroidManifest.xml:32:13-67
252            android:authorities="com.demoapplication.androidx-startup"
252-->[androidx.work:work-runtime:2.7.1] AndroidManifest.xml:33:13-68
253            android:exported="false" >
253-->[androidx.work:work-runtime:2.7.1] AndroidManifest.xml:34:13-37
254            <meta-data
254-->[androidx.work:work-runtime:2.7.1] AndroidManifest.xml:36:13-38:52
255                android:name="androidx.work.WorkManagerInitializer"
255-->[androidx.work:work-runtime:2.7.1] AndroidManifest.xml:37:17-68
256                android:value="androidx.startup" />
256-->[androidx.work:work-runtime:2.7.1] AndroidManifest.xml:38:17-49
257            <meta-data
257-->[androidx.emoji2:emoji2:1.0.0] AndroidManifest.xml:31:13-33:52
258                android:name="androidx.emoji2.text.EmojiCompatInitializer"
258-->[androidx.emoji2:emoji2:1.0.0] AndroidManifest.xml:32:17-75
259                android:value="androidx.startup" />
259-->[androidx.emoji2:emoji2:1.0.0] AndroidManifest.xml:33:17-49
260            <meta-data
260-->[androidx.lifecycle:lifecycle-process:2.4.0] AndroidManifest.xml:31:13-33:52
261                android:name="androidx.lifecycle.ProcessLifecycleInitializer"
261-->[androidx.lifecycle:lifecycle-process:2.4.0] AndroidManifest.xml:32:17-78
262                android:value="androidx.startup" />
262-->[androidx.lifecycle:lifecycle-process:2.4.0] AndroidManifest.xml:33:17-49
263        </provider>
264
265        <service
265-->[androidx.work:work-runtime:2.7.1] AndroidManifest.xml:41:9-46:35
266            android:name="androidx.work.impl.background.systemalarm.SystemAlarmService"
266-->[androidx.work:work-runtime:2.7.1] AndroidManifest.xml:42:13-88
267            android:directBootAware="false"